2025-09-22 15:40:00 - 未找到汉字 '奕' 的拼音映射
2025-09-22 15:40:00 - 未找到汉字 '迅' 的拼音映射
2025-09-22 15:40:00 - 未找到汉字 '扬' 的拼音映射
2025-09-22 15:40:00 - 未找到汉字 '菁' 的拼音映射
2025-09-22 15:40:00 - 未找到汉字 '甘' 的拼音映射
2025-09-22 15:40:00 - 未找到汉字 '菁' 的拼音映射
2025-09-22 15:40:00 - 未找到汉字 '菁' 的拼音映射
2025-09-22 15:40:00 - 未找到汉字 '晖' 的拼音映射
2025-09-22 15:40:00 - 未找到汉字 '璋' 的拼音映射
2025-09-22 15:40:00 - 未找到汉字 '男' 的拼音映射
2025-09-22 15:40:01 - 未找到汉字 '黎' 的拼音映射
2025-09-22 15:40:01 - 未找到汉字 '戴' 的拼音映射
2025-09-22 15:40:01 - 未找到汉字 '戴' 的拼音映射
2025-09-22 15:40:01 - 未找到汉字 '龙' 的拼音映射
2025-09-22 15:40:01 - 未找到汉字 '潭' 的拼音映射
2025-09-22 15:40:01 - 未找到汉字 '基' 的拼音映射
2025-09-22 15:40:01 - 未找到汉字 '扬' 的拼音映射
2025-09-22 15:40:01 - 未找到汉字 '潭' 的拼音映射
2025-09-22 15:40:01 - 未找到汉字 '基' 的拼音映射
2025-09-22 15:40:01 - 未找到汉字 '扬' 的拼音映射
2025-09-22 15:40:01 - 未找到汉字 '柱' 的拼音映射
2025-09-22 15:40:01 - 未找到汉字 '柱' 的拼音映射
2025-09-22 15:40:01 - 未找到汉字 '极' 的拼音映射
2025-09-22 15:40:01 - 未找到汉字 '群' 的拼音映射
2025-09-22 15:40:01 - 未找到汉字 '群' 的拼音映射
2025-09-22 15:40:01 - 未找到汉字 '莎' 的拼音映射
2025-09-22 15:40:01 - 未找到汉字 '莎' 的拼音映射
2025-09-22 15:40:01 - 未找到汉字 '洒' 的拼音映射
2025-09-22 15:40:01 - 未找到汉字 '祺' 的拼音映射
2025-09-22 15:40:01 - 未找到汉字 '雁' 的拼音映射
2025-09-22 15:40:01 - 未找到汉字 '琼' 的拼音映射
2025-09-22 15:40:01 - 未找到汉字 '昌' 的拼音映射
2025-09-22 15:40:01 - 未找到汉字 '琼' 的拼音映射
2025-09-22 15:40:01 - 未找到汉字 '昌' 的拼音映射
2025-09-22 16:01:55 - 未找到汉字 '奕' 的拼音映射
2025-09-22 16:01:55 - 未找到汉字 '迅' 的拼音映射
2025-09-22 16:01:55 - 未找到汉字 '扬' 的拼音映射
2025-09-22 16:01:55 - 未找到汉字 '菁' 的拼音映射
2025-09-22 16:01:55 - 未找到汉字 '甘' 的拼音映射
2025-09-22 16:01:55 - 未找到汉字 '菁' 的拼音映射
2025-09-22 16:01:55 - 未找到汉字 '菁' 的拼音映射
2025-09-22 16:01:55 - 未找到汉字 '晖' 的拼音映射
2025-09-22 16:01:55 - 未找到汉字 '璋' 的拼音映射
2025-09-22 16:01:55 - 未找到汉字 '男' 的拼音映射
2025-09-22 16:01:56 - 未找到汉字 '黎' 的拼音映射
2025-09-22 16:01:56 - 未找到汉字 '戴' 的拼音映射
2025-09-22 16:01:56 - 未找到汉字 '戴' 的拼音映射
2025-09-22 16:01:56 - 未找到汉字 '龙' 的拼音映射
2025-09-22 16:01:56 - 未找到汉字 '潭' 的拼音映射
2025-09-22 16:01:56 - 未找到汉字 '基' 的拼音映射
2025-09-22 16:01:56 - 未找到汉字 '扬' 的拼音映射
2025-09-22 16:01:56 - 未找到汉字 '潭' 的拼音映射
2025-09-22 16:01:56 - 未找到汉字 '基' 的拼音映射
2025-09-22 16:01:56 - 未找到汉字 '扬' 的拼音映射
2025-09-22 16:01:56 - 未找到汉字 '柱' 的拼音映射
2025-09-22 16:01:56 - 未找到汉字 '柱' 的拼音映射
2025-09-22 16:01:57 - 未找到汉字 '极' 的拼音映射
2025-09-22 16:01:57 - 未找到汉字 '群' 的拼音映射
2025-09-22 16:01:57 - 未找到汉字 '群' 的拼音映射
2025-09-22 16:01:57 - 未找到汉字 '莎' 的拼音映射
2025-09-22 16:01:57 - 未找到汉字 '莎' 的拼音映射
2025-09-22 16:01:57 - 未找到汉字 '洒' 的拼音映射
2025-09-22 16:01:57 - 未找到汉字 '祺' 的拼音映射
2025-09-22 16:01:57 - 未找到汉字 '雁' 的拼音映射
2025-09-22 16:01:57 - 未找到汉字 '琼' 的拼音映射
2025-09-22 16:01:57 - 未找到汉字 '昌' 的拼音映射
2025-09-22 16:01:57 - 未找到汉字 '琼' 的拼音映射
2025-09-22 16:01:57 - 未找到汉字 '昌' 的拼音映射
2025-10-28 10:50:48 - 未找到汉字 '伍' 的拼音映射
2025-10-28 10:50:48 - 未找到汉字 '宏' 的拼音映射
2025-12-29 13:06:49 - 未找到汉字 '詹' 的拼音映射
2025-12-29 13:06:49 - 未找到汉字 '群' 的拼音映射
2025-12-29 17:28:02 - 未找到汉字 '詹' 的拼音映射
2025-12-29 17:28:02 - 未找到汉字 '群' 的拼音映射
