[2025-11-26 03:06:11] 页面加载，数据库连接状态: 成功
[2025-11-26 03:06:11] 当前域名: https://livegig.cn/
[2025-11-26 03:06:11] 非POST请求，加载数据库配置
[2025-11-26 03:06:11] 加载的配置: {"site_name":"\u6d4b\u8bd5\u540d\u79f0_1756301630","site_url":"https:\/\/livegig.cn\/","frontend_title":"\u6d4b\u8bd5\u524d\u7aef\u6807\u9898","admin_title":"\u6d4b\u8bd5\u540e\u53f0\u6807\u9898","meta_description":"\u6d4b\u8bd5\u63cf\u8ff0","meta_keywords":"\u6d4b\u8bd5,\u5173\u952e\u8bcd","footer_text":"\u6d4b\u8bd5\u9875\u811a \u00a9 2025","contact_email":"test@example.com","contact_phone":"123-456-7890"}
[2025-11-26 03:06:11] 合并后的配置: {"site_name":"\u6d4b\u8bd5\u540d\u79f0_1756301630","site_url":"https:\/\/livegig.cn\/","frontend_title":"\u6d4b\u8bd5\u524d\u7aef\u6807\u9898","admin_title":"\u6d4b\u8bd5\u540e\u53f0\u6807\u9898","meta_description":"\u6d4b\u8bd5\u63cf\u8ff0","meta_keywords":"\u6d4b\u8bd5,\u5173\u952e\u8bcd","footer_text":"\u6d4b\u8bd5\u9875\u811a \u00a9 2025","contact_email":"test@example.com","contact_phone":"123-456-7890"}
[2025-12-29 09:26:23] 页面加载，数据库连接状态: 成功
[2025-12-29 09:26:23] 当前域名: https://livegig.cn/
[2025-12-29 09:26:23] 非POST请求，加载数据库配置
[2025-12-29 09:26:23] 加载的配置: {"site_name":"\u6d4b\u8bd5\u540d\u79f0_1756301630","site_url":"https:\/\/livegig.cn\/","frontend_title":"\u6d4b\u8bd5\u524d\u7aef\u6807\u9898","admin_title":"\u6d4b\u8bd5\u540e\u53f0\u6807\u9898","meta_description":"\u6d4b\u8bd5\u63cf\u8ff0","meta_keywords":"\u6d4b\u8bd5,\u5173\u952e\u8bcd","footer_text":"\u6d4b\u8bd5\u9875\u811a \u00a9 2025","contact_email":"test@example.com","contact_phone":"123-456-7890"}
[2025-12-29 09:26:23] 合并后的配置: {"site_name":"\u6d4b\u8bd5\u540d\u79f0_1756301630","site_url":"https:\/\/livegig.cn\/","frontend_title":"\u6d4b\u8bd5\u524d\u7aef\u6807\u9898","admin_title":"\u6d4b\u8bd5\u540e\u53f0\u6807\u9898","meta_description":"\u6d4b\u8bd5\u63cf\u8ff0","meta_keywords":"\u6d4b\u8bd5,\u5173\u952e\u8bcd","footer_text":"\u6d4b\u8bd5\u9875\u811a \u00a9 2025","contact_email":"test@example.com","contact_phone":"123-456-7890"}
[2026-02-24 10:46:02] 页面加载，数据库连接状态: 成功
[2026-02-24 10:46:02] 当前域名: https://livegig.cn/
[2026-02-24 10:46:02] 非POST请求，加载数据库配置
[2026-02-24 10:46:02] 加载的配置: {"site_name":"\u6d4b\u8bd5\u540d\u79f0_1756301630","site_url":"https:\/\/livegig.cn\/","frontend_title":"\u6d4b\u8bd5\u524d\u7aef\u6807\u9898","admin_title":"\u6d4b\u8bd5\u540e\u53f0\u6807\u9898","meta_description":"\u6d4b\u8bd5\u63cf\u8ff0","meta_keywords":"\u6d4b\u8bd5,\u5173\u952e\u8bcd","footer_text":"\u6d4b\u8bd5\u9875\u811a \u00a9 2025","contact_email":"test@example.com","contact_phone":"123-456-7890"}
[2026-02-24 10:46:02] 合并后的配置: {"site_name":"\u6d4b\u8bd5\u540d\u79f0_1756301630","site_url":"https:\/\/livegig.cn\/","frontend_title":"\u6d4b\u8bd5\u524d\u7aef\u6807\u9898","admin_title":"\u6d4b\u8bd5\u540e\u53f0\u6807\u9898","meta_description":"\u6d4b\u8bd5\u63cf\u8ff0","meta_keywords":"\u6d4b\u8bd5,\u5173\u952e\u8bcd","footer_text":"\u6d4b\u8bd5\u9875\u811a \u00a9 2025","contact_email":"test@example.com","contact_phone":"123-456-7890"}
[2026-02-24 18:03:39] 页面加载，数据库连接状态: 成功
[2026-02-24 18:03:39] 当前域名: https://livegig.cn/
[2026-02-24 18:03:39] 非POST请求，加载数据库配置
[2026-02-24 18:03:39] 加载的配置: {"site_name":"\u6d4b\u8bd5\u540d\u79f0_1756301630","site_url":"https:\/\/livegig.cn\/","frontend_title":"\u6d4b\u8bd5\u524d\u7aef\u6807\u9898","admin_title":"\u6d4b\u8bd5\u540e\u53f0\u6807\u9898","meta_description":"\u6d4b\u8bd5\u63cf\u8ff0","meta_keywords":"\u6d4b\u8bd5,\u5173\u952e\u8bcd","footer_text":"\u6d4b\u8bd5\u9875\u811a \u00a9 2025","contact_email":"test@example.com","contact_phone":"123-456-7890"}
[2026-02-24 18:03:39] 合并后的配置: {"site_name":"\u6d4b\u8bd5\u540d\u79f0_1756301630","site_url":"https:\/\/livegig.cn\/","frontend_title":"\u6d4b\u8bd5\u524d\u7aef\u6807\u9898","admin_title":"\u6d4b\u8bd5\u540e\u53f0\u6807\u9898","meta_description":"\u6d4b\u8bd5\u63cf\u8ff0","meta_keywords":"\u6d4b\u8bd5,\u5173\u952e\u8bcd","footer_text":"\u6d4b\u8bd5\u9875\u811a \u00a9 2025","contact_email":"test@example.com","contact_phone":"123-456-7890"}
