[2025-09-18 12:48:40] 页面加载，数据库连接状态: 成功
[2025-09-18 12:48:40] 当前域名: https://livegig.cn/
[2025-09-18 12:48:40] 非POST请求，加载数据库配置
[2025-09-18 12:48:40] 加载的配置: {"site_name":"\u6d4b\u8bd5\u540d\u79f0_1756301630","site_url":"https:\/\/livegig.cn\/","frontend_title":"\u6d4b\u8bd5\u524d\u7aef\u6807\u9898","admin_title":"\u6d4b\u8bd5\u540e\u53f0\u6807\u9898","meta_description":"\u6d4b\u8bd5\u63cf\u8ff0","meta_keywords":"\u6d4b\u8bd5,\u5173\u952e\u8bcd","footer_text":"\u6d4b\u8bd5\u9875\u811a \u00a9 2025","contact_email":"test@example.com","contact_phone":"123-456-7890"}
[2025-09-18 12:48:40] 合并后的配置: {"site_name":"\u6d4b\u8bd5\u540d\u79f0_1756301630","site_url":"https:\/\/livegig.cn\/","frontend_title":"\u6d4b\u8bd5\u524d\u7aef\u6807\u9898","admin_title":"\u6d4b\u8bd5\u540e\u53f0\u6807\u9898","meta_description":"\u6d4b\u8bd5\u63cf\u8ff0","meta_keywords":"\u6d4b\u8bd5,\u5173\u952e\u8bcd","footer_text":"\u6d4b\u8bd5\u9875\u811a \u00a9 2025","contact_email":"test@example.com","contact_phone":"123-456-7890"}
[2025-09-18 21:02:29] 页面加载，数据库连接状态: 成功
[2025-09-18 21:02:29] 当前域名: https://livegig.cn/
[2025-09-18 21:02:29] 非POST请求，加载数据库配置
[2025-09-18 21:02:29] 加载的配置: {"site_name":"\u6d4b\u8bd5\u540d\u79f0_1756301630","site_url":"https:\/\/livegig.cn\/","frontend_title":"\u6d4b\u8bd5\u524d\u7aef\u6807\u9898","admin_title":"\u6d4b\u8bd5\u540e\u53f0\u6807\u9898","meta_description":"\u6d4b\u8bd5\u63cf\u8ff0","meta_keywords":"\u6d4b\u8bd5,\u5173\u952e\u8bcd","footer_text":"\u6d4b\u8bd5\u9875\u811a \u00a9 2025","contact_email":"test@example.com","contact_phone":"123-456-7890"}
[2025-09-18 21:02:29] 合并后的配置: {"site_name":"\u6d4b\u8bd5\u540d\u79f0_1756301630","site_url":"https:\/\/livegig.cn\/","frontend_title":"\u6d4b\u8bd5\u524d\u7aef\u6807\u9898","admin_title":"\u6d4b\u8bd5\u540e\u53f0\u6807\u9898","meta_description":"\u6d4b\u8bd5\u63cf\u8ff0","meta_keywords":"\u6d4b\u8bd5,\u5173\u952e\u8bcd","footer_text":"\u6d4b\u8bd5\u9875\u811a \u00a9 2025","contact_email":"test@example.com","contact_phone":"123-456-7890"}
[2025-09-19 22:28:32] 页面加载，数据库连接状态: 成功
[2025-09-19 22:28:32] 当前域名: https://livegig.cn/
[2025-09-19 22:28:32] 非POST请求，加载数据库配置
[2025-09-19 22:28:32] 加载的配置: {"site_name":"\u6d4b\u8bd5\u540d\u79f0_1756301630","site_url":"https:\/\/livegig.cn\/","frontend_title":"\u6d4b\u8bd5\u524d\u7aef\u6807\u9898","admin_title":"\u6d4b\u8bd5\u540e\u53f0\u6807\u9898","meta_description":"\u6d4b\u8bd5\u63cf\u8ff0","meta_keywords":"\u6d4b\u8bd5,\u5173\u952e\u8bcd","footer_text":"\u6d4b\u8bd5\u9875\u811a \u00a9 2025","contact_email":"test@example.com","contact_phone":"123-456-7890"}
[2025-09-19 22:28:32] 合并后的配置: {"site_name":"\u6d4b\u8bd5\u540d\u79f0_1756301630","site_url":"https:\/\/livegig.cn\/","frontend_title":"\u6d4b\u8bd5\u524d\u7aef\u6807\u9898","admin_title":"\u6d4b\u8bd5\u540e\u53f0\u6807\u9898","meta_description":"\u6d4b\u8bd5\u63cf\u8ff0","meta_keywords":"\u6d4b\u8bd5,\u5173\u952e\u8bcd","footer_text":"\u6d4b\u8bd5\u9875\u811a \u00a9 2025","contact_email":"test@example.com","contact_phone":"123-456-7890"}
[2025-09-20 22:47:58] 页面加载，数据库连接状态: 成功
[2025-09-20 22:47:59] 当前域名: https://livegig.cn/
[2025-09-20 22:47:59] 非POST请求，加载数据库配置
[2025-09-20 22:47:59] 加载的配置: {"site_name":"\u6d4b\u8bd5\u540d\u79f0_1756301630","site_url":"https:\/\/livegig.cn\/","frontend_title":"\u6d4b\u8bd5\u524d\u7aef\u6807\u9898","admin_title":"\u6d4b\u8bd5\u540e\u53f0\u6807\u9898","meta_description":"\u6d4b\u8bd5\u63cf\u8ff0","meta_keywords":"\u6d4b\u8bd5,\u5173\u952e\u8bcd","footer_text":"\u6d4b\u8bd5\u9875\u811a \u00a9 2025","contact_email":"test@example.com","contact_phone":"123-456-7890"}
[2025-09-20 22:47:59] 合并后的配置: {"site_name":"\u6d4b\u8bd5\u540d\u79f0_1756301630","site_url":"https:\/\/livegig.cn\/","frontend_title":"\u6d4b\u8bd5\u524d\u7aef\u6807\u9898","admin_title":"\u6d4b\u8bd5\u540e\u53f0\u6807\u9898","meta_description":"\u6d4b\u8bd5\u63cf\u8ff0","meta_keywords":"\u6d4b\u8bd5,\u5173\u952e\u8bcd","footer_text":"\u6d4b\u8bd5\u9875\u811a \u00a9 2025","contact_email":"test@example.com","contact_phone":"123-456-7890"}
[2025-09-20 23:00:45] 页面加载，数据库连接状态: 成功
[2025-09-20 23:00:45] 当前域名: https://livegig.cn/
[2025-09-20 23:00:45] 非POST请求，加载数据库配置
[2025-09-20 23:00:45] 加载的配置: {"site_name":"\u6d4b\u8bd5\u540d\u79f0_1756301630","site_url":"https:\/\/livegig.cn\/","frontend_title":"\u6d4b\u8bd5\u524d\u7aef\u6807\u9898","admin_title":"\u6d4b\u8bd5\u540e\u53f0\u6807\u9898","meta_description":"\u6d4b\u8bd5\u63cf\u8ff0","meta_keywords":"\u6d4b\u8bd5,\u5173\u952e\u8bcd","footer_text":"\u6d4b\u8bd5\u9875\u811a \u00a9 2025","contact_email":"test@example.com","contact_phone":"123-456-7890"}
[2025-09-20 23:00:45] 合并后的配置: {"site_name":"\u6d4b\u8bd5\u540d\u79f0_1756301630","site_url":"https:\/\/livegig.cn\/","frontend_title":"\u6d4b\u8bd5\u524d\u7aef\u6807\u9898","admin_title":"\u6d4b\u8bd5\u540e\u53f0\u6807\u9898","meta_description":"\u6d4b\u8bd5\u63cf\u8ff0","meta_keywords":"\u6d4b\u8bd5,\u5173\u952e\u8bcd","footer_text":"\u6d4b\u8bd5\u9875\u811a \u00a9 2025","contact_email":"test@example.com","contact_phone":"123-456-7890"}
[2025-09-21 14:13:37] 页面加载，数据库连接状态: 成功
[2025-09-21 14:13:37] 当前域名: https://livegig.cn/
[2025-09-21 14:13:37] 非POST请求，加载数据库配置
[2025-09-21 14:13:37] 加载的配置: {"site_name":"\u6d4b\u8bd5\u540d\u79f0_1756301630","site_url":"https:\/\/livegig.cn\/","frontend_title":"\u6d4b\u8bd5\u524d\u7aef\u6807\u9898","admin_title":"\u6d4b\u8bd5\u540e\u53f0\u6807\u9898","meta_description":"\u6d4b\u8bd5\u63cf\u8ff0","meta_keywords":"\u6d4b\u8bd5,\u5173\u952e\u8bcd","footer_text":"\u6d4b\u8bd5\u9875\u811a \u00a9 2025","contact_email":"test@example.com","contact_phone":"123-456-7890"}
[2025-09-21 14:13:37] 合并后的配置: {"site_name":"\u6d4b\u8bd5\u540d\u79f0_1756301630","site_url":"https:\/\/livegig.cn\/","frontend_title":"\u6d4b\u8bd5\u524d\u7aef\u6807\u9898","admin_title":"\u6d4b\u8bd5\u540e\u53f0\u6807\u9898","meta_description":"\u6d4b\u8bd5\u63cf\u8ff0","meta_keywords":"\u6d4b\u8bd5,\u5173\u952e\u8bcd","footer_text":"\u6d4b\u8bd5\u9875\u811a \u00a9 2025","contact_email":"test@example.com","contact_phone":"123-456-7890"}
[2025-09-21 15:26:10] 页面加载，数据库连接状态: 成功
[2025-09-21 15:26:10] 当前域名: https://livegig.cn/
[2025-09-21 15:26:10] 非POST请求，加载数据库配置
[2025-09-21 15:26:10] 加载的配置: {"site_name":"\u6d4b\u8bd5\u540d\u79f0_1756301630","site_url":"https:\/\/livegig.cn\/","frontend_title":"\u6d4b\u8bd5\u524d\u7aef\u6807\u9898","admin_title":"\u6d4b\u8bd5\u540e\u53f0\u6807\u9898","meta_description":"\u6d4b\u8bd5\u63cf\u8ff0","meta_keywords":"\u6d4b\u8bd5,\u5173\u952e\u8bcd","footer_text":"\u6d4b\u8bd5\u9875\u811a \u00a9 2025","contact_email":"test@example.com","contact_phone":"123-456-7890"}
[2025-09-21 15:26:10] 合并后的配置: {"site_name":"\u6d4b\u8bd5\u540d\u79f0_1756301630","site_url":"https:\/\/livegig.cn\/","frontend_title":"\u6d4b\u8bd5\u524d\u7aef\u6807\u9898","admin_title":"\u6d4b\u8bd5\u540e\u53f0\u6807\u9898","meta_description":"\u6d4b\u8bd5\u63cf\u8ff0","meta_keywords":"\u6d4b\u8bd5,\u5173\u952e\u8bcd","footer_text":"\u6d4b\u8bd5\u9875\u811a \u00a9 2025","contact_email":"test@example.com","contact_phone":"123-456-7890"}
[2025-09-21 15:26:46] 页面加载，数据库连接状态: 成功
[2025-09-21 15:26:46] 当前域名: https://livegig.cn/
[2025-09-21 15:26:46] 非POST请求，加载数据库配置
[2025-09-21 15:26:46] 加载的配置: {"site_name":"\u6d4b\u8bd5\u540d\u79f0_1756301630","site_url":"https:\/\/livegig.cn\/","frontend_title":"\u6d4b\u8bd5\u524d\u7aef\u6807\u9898","admin_title":"\u6d4b\u8bd5\u540e\u53f0\u6807\u9898","meta_description":"\u6d4b\u8bd5\u63cf\u8ff0","meta_keywords":"\u6d4b\u8bd5,\u5173\u952e\u8bcd","footer_text":"\u6d4b\u8bd5\u9875\u811a \u00a9 2025","contact_email":"test@example.com","contact_phone":"123-456-7890"}
[2025-09-21 15:26:46] 合并后的配置: {"site_name":"\u6d4b\u8bd5\u540d\u79f0_1756301630","site_url":"https:\/\/livegig.cn\/","frontend_title":"\u6d4b\u8bd5\u524d\u7aef\u6807\u9898","admin_title":"\u6d4b\u8bd5\u540e\u53f0\u6807\u9898","meta_description":"\u6d4b\u8bd5\u63cf\u8ff0","meta_keywords":"\u6d4b\u8bd5,\u5173\u952e\u8bcd","footer_text":"\u6d4b\u8bd5\u9875\u811a \u00a9 2025","contact_email":"test@example.com","contact_phone":"123-456-7890"}
[2025-09-21 15:29:21] 页面加载，数据库连接状态: 成功
[2025-09-21 15:29:21] 当前域名: https://livegig.cn/
[2025-09-21 15:29:21] 非POST请求，加载数据库配置
[2025-09-21 15:29:21] 加载的配置: {"site_name":"\u6d4b\u8bd5\u540d\u79f0_1756301630","site_url":"https:\/\/livegig.cn\/","frontend_title":"\u6d4b\u8bd5\u524d\u7aef\u6807\u9898","admin_title":"\u6d4b\u8bd5\u540e\u53f0\u6807\u9898","meta_description":"\u6d4b\u8bd5\u63cf\u8ff0","meta_keywords":"\u6d4b\u8bd5,\u5173\u952e\u8bcd","footer_text":"\u6d4b\u8bd5\u9875\u811a \u00a9 2025","contact_email":"test@example.com","contact_phone":"123-456-7890"}
[2025-09-21 15:29:21] 合并后的配置: {"site_name":"\u6d4b\u8bd5\u540d\u79f0_1756301630","site_url":"https:\/\/livegig.cn\/","frontend_title":"\u6d4b\u8bd5\u524d\u7aef\u6807\u9898","admin_title":"\u6d4b\u8bd5\u540e\u53f0\u6807\u9898","meta_description":"\u6d4b\u8bd5\u63cf\u8ff0","meta_keywords":"\u6d4b\u8bd5,\u5173\u952e\u8bcd","footer_text":"\u6d4b\u8bd5\u9875\u811a \u00a9 2025","contact_email":"test@example.com","contact_phone":"123-456-7890"}
[2025-09-21 15:33:20] 页面加载，数据库连接状态: 成功
[2025-09-21 15:33:20] 当前域名: https://livegig.cn/
[2025-09-21 15:33:20] 非POST请求，加载数据库配置
[2025-09-21 15:33:20] 加载的配置: {"site_name":"\u6d4b\u8bd5\u540d\u79f0_1756301630","site_url":"https:\/\/livegig.cn\/","frontend_title":"\u6d4b\u8bd5\u524d\u7aef\u6807\u9898","admin_title":"\u6d4b\u8bd5\u540e\u53f0\u6807\u9898","meta_description":"\u6d4b\u8bd5\u63cf\u8ff0","meta_keywords":"\u6d4b\u8bd5,\u5173\u952e\u8bcd","footer_text":"\u6d4b\u8bd5\u9875\u811a \u00a9 2025","contact_email":"test@example.com","contact_phone":"123-456-7890"}
[2025-09-21 15:33:20] 合并后的配置: {"site_name":"\u6d4b\u8bd5\u540d\u79f0_1756301630","site_url":"https:\/\/livegig.cn\/","frontend_title":"\u6d4b\u8bd5\u524d\u7aef\u6807\u9898","admin_title":"\u6d4b\u8bd5\u540e\u53f0\u6807\u9898","meta_description":"\u6d4b\u8bd5\u63cf\u8ff0","meta_keywords":"\u6d4b\u8bd5,\u5173\u952e\u8bcd","footer_text":"\u6d4b\u8bd5\u9875\u811a \u00a9 2025","contact_email":"test@example.com","contact_phone":"123-456-7890"}
[2025-09-22 16:00:51] 页面加载，数据库连接状态: 成功
[2025-09-22 16:00:51] 当前域名: https://livegig.cn/
[2025-09-22 16:00:51] 非POST请求，加载数据库配置
[2025-09-22 16:00:51] 加载的配置: {"site_name":"\u6d4b\u8bd5\u540d\u79f0_1756301630","site_url":"https:\/\/livegig.cn\/","frontend_title":"\u6d4b\u8bd5\u524d\u7aef\u6807\u9898","admin_title":"\u6d4b\u8bd5\u540e\u53f0\u6807\u9898","meta_description":"\u6d4b\u8bd5\u63cf\u8ff0","meta_keywords":"\u6d4b\u8bd5,\u5173\u952e\u8bcd","footer_text":"\u6d4b\u8bd5\u9875\u811a \u00a9 2025","contact_email":"test@example.com","contact_phone":"123-456-7890"}
[2025-09-22 16:00:51] 合并后的配置: {"site_name":"\u6d4b\u8bd5\u540d\u79f0_1756301630","site_url":"https:\/\/livegig.cn\/","frontend_title":"\u6d4b\u8bd5\u524d\u7aef\u6807\u9898","admin_title":"\u6d4b\u8bd5\u540e\u53f0\u6807\u9898","meta_description":"\u6d4b\u8bd5\u63cf\u8ff0","meta_keywords":"\u6d4b\u8bd5,\u5173\u952e\u8bcd","footer_text":"\u6d4b\u8bd5\u9875\u811a \u00a9 2025","contact_email":"test@example.com","contact_phone":"123-456-7890"}
[2025-09-23 23:36:25] 页面加载，数据库连接状态: 成功
[2025-09-23 23:36:25] 当前域名: https://livegig.cn/
[2025-09-23 23:36:25] 非POST请求，加载数据库配置
[2025-09-23 23:36:25] 加载的配置: {"site_name":"\u6d4b\u8bd5\u540d\u79f0_1756301630","site_url":"https:\/\/livegig.cn\/","frontend_title":"\u6d4b\u8bd5\u524d\u7aef\u6807\u9898","admin_title":"\u6d4b\u8bd5\u540e\u53f0\u6807\u9898","meta_description":"\u6d4b\u8bd5\u63cf\u8ff0","meta_keywords":"\u6d4b\u8bd5,\u5173\u952e\u8bcd","footer_text":"\u6d4b\u8bd5\u9875\u811a \u00a9 2025","contact_email":"test@example.com","contact_phone":"123-456-7890"}
[2025-09-23 23:36:25] 合并后的配置: {"site_name":"\u6d4b\u8bd5\u540d\u79f0_1756301630","site_url":"https:\/\/livegig.cn\/","frontend_title":"\u6d4b\u8bd5\u524d\u7aef\u6807\u9898","admin_title":"\u6d4b\u8bd5\u540e\u53f0\u6807\u9898","meta_description":"\u6d4b\u8bd5\u63cf\u8ff0","meta_keywords":"\u6d4b\u8bd5,\u5173\u952e\u8bcd","footer_text":"\u6d4b\u8bd5\u9875\u811a \u00a9 2025","contact_email":"test@example.com","contact_phone":"123-456-7890"}
[2025-09-24 03:52:39] 页面加载，数据库连接状态: 成功
[2025-09-24 03:52:39] 当前域名: https://livegig.cn/
[2025-09-24 03:52:39] 非POST请求，加载数据库配置
[2025-09-24 03:52:39] 加载的配置: {"site_name":"\u6d4b\u8bd5\u540d\u79f0_1756301630","site_url":"https:\/\/livegig.cn\/","frontend_title":"\u6d4b\u8bd5\u524d\u7aef\u6807\u9898","admin_title":"\u6d4b\u8bd5\u540e\u53f0\u6807\u9898","meta_description":"\u6d4b\u8bd5\u63cf\u8ff0","meta_keywords":"\u6d4b\u8bd5,\u5173\u952e\u8bcd","footer_text":"\u6d4b\u8bd5\u9875\u811a \u00a9 2025","contact_email":"test@example.com","contact_phone":"123-456-7890"}
[2025-09-24 03:52:39] 合并后的配置: {"site_name":"\u6d4b\u8bd5\u540d\u79f0_1756301630","site_url":"https:\/\/livegig.cn\/","frontend_title":"\u6d4b\u8bd5\u524d\u7aef\u6807\u9898","admin_title":"\u6d4b\u8bd5\u540e\u53f0\u6807\u9898","meta_description":"\u6d4b\u8bd5\u63cf\u8ff0","meta_keywords":"\u6d4b\u8bd5,\u5173\u952e\u8bcd","footer_text":"\u6d4b\u8bd5\u9875\u811a \u00a9 2025","contact_email":"test@example.com","contact_phone":"123-456-7890"}
[2025-09-24 04:20:17] 页面加载，数据库连接状态: 成功
[2025-09-24 04:20:17] 当前域名: https://livegig.cn/
[2025-09-24 04:20:17] 非POST请求，加载数据库配置
[2025-09-24 04:20:17] 加载的配置: {"site_name":"\u6d4b\u8bd5\u540d\u79f0_1756301630","site_url":"https:\/\/livegig.cn\/","frontend_title":"\u6d4b\u8bd5\u524d\u7aef\u6807\u9898","admin_title":"\u6d4b\u8bd5\u540e\u53f0\u6807\u9898","meta_description":"\u6d4b\u8bd5\u63cf\u8ff0","meta_keywords":"\u6d4b\u8bd5,\u5173\u952e\u8bcd","footer_text":"\u6d4b\u8bd5\u9875\u811a \u00a9 2025","contact_email":"test@example.com","contact_phone":"123-456-7890"}
[2025-09-24 04:20:17] 合并后的配置: {"site_name":"\u6d4b\u8bd5\u540d\u79f0_1756301630","site_url":"https:\/\/livegig.cn\/","frontend_title":"\u6d4b\u8bd5\u524d\u7aef\u6807\u9898","admin_title":"\u6d4b\u8bd5\u540e\u53f0\u6807\u9898","meta_description":"\u6d4b\u8bd5\u63cf\u8ff0","meta_keywords":"\u6d4b\u8bd5,\u5173\u952e\u8bcd","footer_text":"\u6d4b\u8bd5\u9875\u811a \u00a9 2025","contact_email":"test@example.com","contact_phone":"123-456-7890"}
[2025-09-24 04:22:25] 页面加载，数据库连接状态: 成功
[2025-09-24 04:22:26] 当前域名: https://livegig.cn/
[2025-09-24 04:22:26] 非POST请求，加载数据库配置
[2025-09-24 04:22:26] 加载的配置: {"site_name":"\u6d4b\u8bd5\u540d\u79f0_1756301630","site_url":"https:\/\/livegig.cn\/","frontend_title":"\u6d4b\u8bd5\u524d\u7aef\u6807\u9898","admin_title":"\u6d4b\u8bd5\u540e\u53f0\u6807\u9898","meta_description":"\u6d4b\u8bd5\u63cf\u8ff0","meta_keywords":"\u6d4b\u8bd5,\u5173\u952e\u8bcd","footer_text":"\u6d4b\u8bd5\u9875\u811a \u00a9 2025","contact_email":"test@example.com","contact_phone":"123-456-7890"}
[2025-09-24 04:22:26] 合并后的配置: {"site_name":"\u6d4b\u8bd5\u540d\u79f0_1756301630","site_url":"https:\/\/livegig.cn\/","frontend_title":"\u6d4b\u8bd5\u524d\u7aef\u6807\u9898","admin_title":"\u6d4b\u8bd5\u540e\u53f0\u6807\u9898","meta_description":"\u6d4b\u8bd5\u63cf\u8ff0","meta_keywords":"\u6d4b\u8bd5,\u5173\u952e\u8bcd","footer_text":"\u6d4b\u8bd5\u9875\u811a \u00a9 2025","contact_email":"test@example.com","contact_phone":"123-456-7890"}
[2025-09-24 04:28:41] 页面加载，数据库连接状态: 成功
[2025-09-24 04:28:41] 当前域名: https://livegig.cn/
[2025-09-24 04:28:41] 非POST请求，加载数据库配置
[2025-09-24 04:28:41] 加载的配置: {"site_name":"\u6d4b\u8bd5\u540d\u79f0_1756301630","site_url":"https:\/\/livegig.cn\/","frontend_title":"\u6d4b\u8bd5\u524d\u7aef\u6807\u9898","admin_title":"\u6d4b\u8bd5\u540e\u53f0\u6807\u9898","meta_description":"\u6d4b\u8bd5\u63cf\u8ff0","meta_keywords":"\u6d4b\u8bd5,\u5173\u952e\u8bcd","footer_text":"\u6d4b\u8bd5\u9875\u811a \u00a9 2025","contact_email":"test@example.com","contact_phone":"123-456-7890"}
[2025-09-24 04:28:41] 合并后的配置: {"site_name":"\u6d4b\u8bd5\u540d\u79f0_1756301630","site_url":"https:\/\/livegig.cn\/","frontend_title":"\u6d4b\u8bd5\u524d\u7aef\u6807\u9898","admin_title":"\u6d4b\u8bd5\u540e\u53f0\u6807\u9898","meta_description":"\u6d4b\u8bd5\u63cf\u8ff0","meta_keywords":"\u6d4b\u8bd5,\u5173\u952e\u8bcd","footer_text":"\u6d4b\u8bd5\u9875\u811a \u00a9 2025","contact_email":"test@example.com","contact_phone":"123-456-7890"}
[2025-09-24 04:28:53] 页面加载，数据库连接状态: 成功
[2025-09-24 04:28:53] 当前域名: https://livegig.cn/
[2025-09-24 04:28:53] 非POST请求，加载数据库配置
[2025-09-24 04:28:53] 加载的配置: {"site_name":"\u6d4b\u8bd5\u540d\u79f0_1756301630","site_url":"https:\/\/livegig.cn\/","frontend_title":"\u6d4b\u8bd5\u524d\u7aef\u6807\u9898","admin_title":"\u6d4b\u8bd5\u540e\u53f0\u6807\u9898","meta_description":"\u6d4b\u8bd5\u63cf\u8ff0","meta_keywords":"\u6d4b\u8bd5,\u5173\u952e\u8bcd","footer_text":"\u6d4b\u8bd5\u9875\u811a \u00a9 2025","contact_email":"test@example.com","contact_phone":"123-456-7890"}
[2025-09-24 04:28:53] 合并后的配置: {"site_name":"\u6d4b\u8bd5\u540d\u79f0_1756301630","site_url":"https:\/\/livegig.cn\/","frontend_title":"\u6d4b\u8bd5\u524d\u7aef\u6807\u9898","admin_title":"\u6d4b\u8bd5\u540e\u53f0\u6807\u9898","meta_description":"\u6d4b\u8bd5\u63cf\u8ff0","meta_keywords":"\u6d4b\u8bd5,\u5173\u952e\u8bcd","footer_text":"\u6d4b\u8bd5\u9875\u811a \u00a9 2025","contact_email":"test@example.com","contact_phone":"123-456-7890"}
[2025-10-08 01:44:07] 页面加载，数据库连接状态: 成功
[2025-10-08 01:44:07] 当前域名: https://livegig.cn/
[2025-10-08 01:44:07] 非POST请求，加载数据库配置
[2025-10-08 01:44:07] 加载的配置: {"site_name":"\u6d4b\u8bd5\u540d\u79f0_1756301630","site_url":"https:\/\/livegig.cn\/","frontend_title":"\u6d4b\u8bd5\u524d\u7aef\u6807\u9898","admin_title":"\u6d4b\u8bd5\u540e\u53f0\u6807\u9898","meta_description":"\u6d4b\u8bd5\u63cf\u8ff0","meta_keywords":"\u6d4b\u8bd5,\u5173\u952e\u8bcd","footer_text":"\u6d4b\u8bd5\u9875\u811a \u00a9 2025","contact_email":"test@example.com","contact_phone":"123-456-7890"}
[2025-10-08 01:44:07] 合并后的配置: {"site_name":"\u6d4b\u8bd5\u540d\u79f0_1756301630","site_url":"https:\/\/livegig.cn\/","frontend_title":"\u6d4b\u8bd5\u524d\u7aef\u6807\u9898","admin_title":"\u6d4b\u8bd5\u540e\u53f0\u6807\u9898","meta_description":"\u6d4b\u8bd5\u63cf\u8ff0","meta_keywords":"\u6d4b\u8bd5,\u5173\u952e\u8bcd","footer_text":"\u6d4b\u8bd5\u9875\u811a \u00a9 2025","contact_email":"test@example.com","contact_phone":"123-456-7890"}
[2025-10-08 01:44:14] 页面加载，数据库连接状态: 成功
[2025-10-08 01:44:14] 当前域名: https://livegig.cn/
[2025-10-08 01:44:14] 收到POST请求，开始处理表单
[2025-10-08 01:44:14] POST数据: {"site_name":"\u6d4b\u8bd5\u540d\u79f0_1756301630","site_url":"https:\/\/livegig.cn\/","frontend_title":"\u6d4b\u8bd5\u524d\u7aef\u6807\u9898","admin_title":"\u6d4b\u8bd5\u540e\u53f0\u6807\u9898","meta_description":"\u6d4b\u8bd5\u63cf\u8ff0","meta_keywords":"\u6d4b\u8bd5,\u5173\u952e\u8bcd","footer_text":"\u6d4b\u8bd5\u9875\u811a \u00a9 2025","contact_email":"test@example.com","contact_phone":"123-456-7890"}
[2025-10-08 01:44:14] 成功更新 'site_name' 值为 '测试名称_1756301630'
[2025-10-08 01:44:14] 成功更新 'site_url' 值为 'https://livegig.cn/'
[2025-10-08 01:44:14] 成功更新 'frontend_title' 值为 '测试前端标题'
[2025-10-08 01:44:14] 成功更新 'admin_title' 值为 '测试后台标题'
[2025-10-08 01:44:14] 成功更新 'meta_description' 值为 '测试描述'
[2025-10-08 01:44:14] 成功更新 'meta_keywords' 值为 '测试,关键词'
[2025-10-08 01:44:15] 成功更新 'footer_text' 值为 '测试页脚 © 2025'
[2025-10-08 01:44:15] 成功更新 'contact_email' 值为 'test@example.com'
[2025-10-08 01:44:15] 成功更新 'contact_phone' 值为 '123-456-7890'
[2025-10-08 01:44:15] 从数据库重新加载配置成功
[2025-10-15 14:08:42] 页面加载，数据库连接状态: 成功
[2025-10-15 14:08:42] 当前域名: https://livegig.cn/
[2025-10-15 14:08:42] 非POST请求，加载数据库配置
[2025-10-15 14:08:42] 加载的配置: {"site_name":"\u6d4b\u8bd5\u540d\u79f0_1756301630","site_url":"https:\/\/livegig.cn\/","frontend_title":"\u6d4b\u8bd5\u524d\u7aef\u6807\u9898","admin_title":"\u6d4b\u8bd5\u540e\u53f0\u6807\u9898","meta_description":"\u6d4b\u8bd5\u63cf\u8ff0","meta_keywords":"\u6d4b\u8bd5,\u5173\u952e\u8bcd","footer_text":"\u6d4b\u8bd5\u9875\u811a \u00a9 2025","contact_email":"test@example.com","contact_phone":"123-456-7890"}
[2025-10-15 14:08:42] 合并后的配置: {"site_name":"\u6d4b\u8bd5\u540d\u79f0_1756301630","site_url":"https:\/\/livegig.cn\/","frontend_title":"\u6d4b\u8bd5\u524d\u7aef\u6807\u9898","admin_title":"\u6d4b\u8bd5\u540e\u53f0\u6807\u9898","meta_description":"\u6d4b\u8bd5\u63cf\u8ff0","meta_keywords":"\u6d4b\u8bd5,\u5173\u952e\u8bcd","footer_text":"\u6d4b\u8bd5\u9875\u811a \u00a9 2025","contact_email":"test@example.com","contact_phone":"123-456-7890"}
[2025-10-15 14:09:47] 页面加载，数据库连接状态: 成功
[2025-10-15 14:09:47] 当前域名: https://livegig.cn/
[2025-10-15 14:09:47] 非POST请求，加载数据库配置
[2025-10-15 14:09:47] 加载的配置: {"site_name":"\u6d4b\u8bd5\u540d\u79f0_1756301630","site_url":"https:\/\/livegig.cn\/","frontend_title":"\u6d4b\u8bd5\u524d\u7aef\u6807\u9898","admin_title":"\u6d4b\u8bd5\u540e\u53f0\u6807\u9898","meta_description":"\u6d4b\u8bd5\u63cf\u8ff0","meta_keywords":"\u6d4b\u8bd5,\u5173\u952e\u8bcd","footer_text":"\u6d4b\u8bd5\u9875\u811a \u00a9 2025","contact_email":"test@example.com","contact_phone":"123-456-7890"}
[2025-10-15 14:09:47] 合并后的配置: {"site_name":"\u6d4b\u8bd5\u540d\u79f0_1756301630","site_url":"https:\/\/livegig.cn\/","frontend_title":"\u6d4b\u8bd5\u524d\u7aef\u6807\u9898","admin_title":"\u6d4b\u8bd5\u540e\u53f0\u6807\u9898","meta_description":"\u6d4b\u8bd5\u63cf\u8ff0","meta_keywords":"\u6d4b\u8bd5,\u5173\u952e\u8bcd","footer_text":"\u6d4b\u8bd5\u9875\u811a \u00a9 2025","contact_email":"test@example.com","contact_phone":"123-456-7890"}
[2025-10-15 15:03:12] 页面加载，数据库连接状态: 成功
[2025-10-15 15:03:12] 当前域名: https://livegig.cn/
[2025-10-15 15:03:12] 非POST请求，加载数据库配置
[2025-10-15 15:03:12] 加载的配置: {"site_name":"\u6d4b\u8bd5\u540d\u79f0_1756301630","site_url":"https:\/\/livegig.cn\/","frontend_title":"\u6d4b\u8bd5\u524d\u7aef\u6807\u9898","admin_title":"\u6d4b\u8bd5\u540e\u53f0\u6807\u9898","meta_description":"\u6d4b\u8bd5\u63cf\u8ff0","meta_keywords":"\u6d4b\u8bd5,\u5173\u952e\u8bcd","footer_text":"\u6d4b\u8bd5\u9875\u811a \u00a9 2025","contact_email":"test@example.com","contact_phone":"123-456-7890"}
[2025-10-15 15:03:12] 合并后的配置: {"site_name":"\u6d4b\u8bd5\u540d\u79f0_1756301630","site_url":"https:\/\/livegig.cn\/","frontend_title":"\u6d4b\u8bd5\u524d\u7aef\u6807\u9898","admin_title":"\u6d4b\u8bd5\u540e\u53f0\u6807\u9898","meta_description":"\u6d4b\u8bd5\u63cf\u8ff0","meta_keywords":"\u6d4b\u8bd5,\u5173\u952e\u8bcd","footer_text":"\u6d4b\u8bd5\u9875\u811a \u00a9 2025","contact_email":"test@example.com","contact_phone":"123-456-7890"}
[2025-10-15 15:52:25] 页面加载，数据库连接状态: 成功
[2025-10-15 15:52:25] 当前域名: https://livegig.cn/
[2025-10-15 15:52:25] 非POST请求，加载数据库配置
[2025-10-15 15:52:25] 加载的配置: {"site_name":"\u6d4b\u8bd5\u540d\u79f0_1756301630","site_url":"https:\/\/livegig.cn\/","frontend_title":"\u6d4b\u8bd5\u524d\u7aef\u6807\u9898","admin_title":"\u6d4b\u8bd5\u540e\u53f0\u6807\u9898","meta_description":"\u6d4b\u8bd5\u63cf\u8ff0","meta_keywords":"\u6d4b\u8bd5,\u5173\u952e\u8bcd","footer_text":"\u6d4b\u8bd5\u9875\u811a \u00a9 2025","contact_email":"test@example.com","contact_phone":"123-456-7890"}
[2025-10-15 15:52:25] 合并后的配置: {"site_name":"\u6d4b\u8bd5\u540d\u79f0_1756301630","site_url":"https:\/\/livegig.cn\/","frontend_title":"\u6d4b\u8bd5\u524d\u7aef\u6807\u9898","admin_title":"\u6d4b\u8bd5\u540e\u53f0\u6807\u9898","meta_description":"\u6d4b\u8bd5\u63cf\u8ff0","meta_keywords":"\u6d4b\u8bd5,\u5173\u952e\u8bcd","footer_text":"\u6d4b\u8bd5\u9875\u811a \u00a9 2025","contact_email":"test@example.com","contact_phone":"123-456-7890"}
[2025-10-16 17:46:03] 页面加载，数据库连接状态: 成功
[2025-10-16 17:46:03] 当前域名: https://livegig.cn/
[2025-10-16 17:46:03] 非POST请求，加载数据库配置
[2025-10-16 17:46:03] 加载的配置: {"site_name":"\u6d4b\u8bd5\u540d\u79f0_1756301630","site_url":"https:\/\/livegig.cn\/","frontend_title":"\u6d4b\u8bd5\u524d\u7aef\u6807\u9898","admin_title":"\u6d4b\u8bd5\u540e\u53f0\u6807\u9898","meta_description":"\u6d4b\u8bd5\u63cf\u8ff0","meta_keywords":"\u6d4b\u8bd5,\u5173\u952e\u8bcd","footer_text":"\u6d4b\u8bd5\u9875\u811a \u00a9 2025","contact_email":"test@example.com","contact_phone":"123-456-7890"}
[2025-10-16 17:46:03] 合并后的配置: {"site_name":"\u6d4b\u8bd5\u540d\u79f0_1756301630","site_url":"https:\/\/livegig.cn\/","frontend_title":"\u6d4b\u8bd5\u524d\u7aef\u6807\u9898","admin_title":"\u6d4b\u8bd5\u540e\u53f0\u6807\u9898","meta_description":"\u6d4b\u8bd5\u63cf\u8ff0","meta_keywords":"\u6d4b\u8bd5,\u5173\u952e\u8bcd","footer_text":"\u6d4b\u8bd5\u9875\u811a \u00a9 2025","contact_email":"test@example.com","contact_phone":"123-456-7890"}
[2025-10-29 15:43:53] 页面加载，数据库连接状态: 成功
[2025-10-29 15:43:53] 当前域名: https://livegig.cn/
[2025-10-29 15:43:53] 非POST请求，加载数据库配置
[2025-10-29 15:43:53] 加载的配置: {"site_name":"\u6d4b\u8bd5\u540d\u79f0_1756301630","site_url":"https:\/\/livegig.cn\/","frontend_title":"\u6d4b\u8bd5\u524d\u7aef\u6807\u9898","admin_title":"\u6d4b\u8bd5\u540e\u53f0\u6807\u9898","meta_description":"\u6d4b\u8bd5\u63cf\u8ff0","meta_keywords":"\u6d4b\u8bd5,\u5173\u952e\u8bcd","footer_text":"\u6d4b\u8bd5\u9875\u811a \u00a9 2025","contact_email":"test@example.com","contact_phone":"123-456-7890"}
[2025-10-29 15:43:53] 合并后的配置: {"site_name":"\u6d4b\u8bd5\u540d\u79f0_1756301630","site_url":"https:\/\/livegig.cn\/","frontend_title":"\u6d4b\u8bd5\u524d\u7aef\u6807\u9898","admin_title":"\u6d4b\u8bd5\u540e\u53f0\u6807\u9898","meta_description":"\u6d4b\u8bd5\u63cf\u8ff0","meta_keywords":"\u6d4b\u8bd5,\u5173\u952e\u8bcd","footer_text":"\u6d4b\u8bd5\u9875\u811a \u00a9 2025","contact_email":"test@example.com","contact_phone":"123-456-7890"}
[2025-10-29 16:50:48] 页面加载，数据库连接状态: 成功
[2025-10-29 16:50:48] 当前域名: https://livegig.cn/
[2025-10-29 16:50:48] 非POST请求，加载数据库配置
[2025-10-29 16:50:48] 加载的配置: {"site_name":"\u6d4b\u8bd5\u540d\u79f0_1756301630","site_url":"https:\/\/livegig.cn\/","frontend_title":"\u6d4b\u8bd5\u524d\u7aef\u6807\u9898","admin_title":"\u6d4b\u8bd5\u540e\u53f0\u6807\u9898","meta_description":"\u6d4b\u8bd5\u63cf\u8ff0","meta_keywords":"\u6d4b\u8bd5,\u5173\u952e\u8bcd","footer_text":"\u6d4b\u8bd5\u9875\u811a \u00a9 2025","contact_email":"test@example.com","contact_phone":"123-456-7890"}
[2025-10-29 16:50:48] 合并后的配置: {"site_name":"\u6d4b\u8bd5\u540d\u79f0_1756301630","site_url":"https:\/\/livegig.cn\/","frontend_title":"\u6d4b\u8bd5\u524d\u7aef\u6807\u9898","admin_title":"\u6d4b\u8bd5\u540e\u53f0\u6807\u9898","meta_description":"\u6d4b\u8bd5\u63cf\u8ff0","meta_keywords":"\u6d4b\u8bd5,\u5173\u952e\u8bcd","footer_text":"\u6d4b\u8bd5\u9875\u811a \u00a9 2025","contact_email":"test@example.com","contact_phone":"123-456-7890"}
[2025-10-29 17:01:06] 页面加载，数据库连接状态: 成功
[2025-10-29 17:01:06] 当前域名: https://livegig.cn/
[2025-10-29 17:01:06] 非POST请求，加载数据库配置
[2025-10-29 17:01:06] 加载的配置: {"site_name":"\u6d4b\u8bd5\u540d\u79f0_1756301630","site_url":"https:\/\/livegig.cn\/","frontend_title":"\u6d4b\u8bd5\u524d\u7aef\u6807\u9898","admin_title":"\u6d4b\u8bd5\u540e\u53f0\u6807\u9898","meta_description":"\u6d4b\u8bd5\u63cf\u8ff0","meta_keywords":"\u6d4b\u8bd5,\u5173\u952e\u8bcd","footer_text":"\u6d4b\u8bd5\u9875\u811a \u00a9 2025","contact_email":"test@example.com","contact_phone":"123-456-7890"}
[2025-10-29 17:01:06] 合并后的配置: {"site_name":"\u6d4b\u8bd5\u540d\u79f0_1756301630","site_url":"https:\/\/livegig.cn\/","frontend_title":"\u6d4b\u8bd5\u524d\u7aef\u6807\u9898","admin_title":"\u6d4b\u8bd5\u540e\u53f0\u6807\u9898","meta_description":"\u6d4b\u8bd5\u63cf\u8ff0","meta_keywords":"\u6d4b\u8bd5,\u5173\u952e\u8bcd","footer_text":"\u6d4b\u8bd5\u9875\u811a \u00a9 2025","contact_email":"test@example.com","contact_phone":"123-456-7890"}
[2025-11-22 01:12:20] 页面加载，数据库连接状态: 成功
[2025-11-22 01:12:20] 当前域名: https://livegig.cn/
[2025-11-22 01:12:20] 非POST请求，加载数据库配置
[2025-11-22 01:12:20] 加载的配置: {"site_name":"\u6d4b\u8bd5\u540d\u79f0_1756301630","site_url":"https:\/\/livegig.cn\/","frontend_title":"\u6d4b\u8bd5\u524d\u7aef\u6807\u9898","admin_title":"\u6d4b\u8bd5\u540e\u53f0\u6807\u9898","meta_description":"\u6d4b\u8bd5\u63cf\u8ff0","meta_keywords":"\u6d4b\u8bd5,\u5173\u952e\u8bcd","footer_text":"\u6d4b\u8bd5\u9875\u811a \u00a9 2025","contact_email":"test@example.com","contact_phone":"123-456-7890"}
[2025-11-22 01:12:20] 合并后的配置: {"site_name":"\u6d4b\u8bd5\u540d\u79f0_1756301630","site_url":"https:\/\/livegig.cn\/","frontend_title":"\u6d4b\u8bd5\u524d\u7aef\u6807\u9898","admin_title":"\u6d4b\u8bd5\u540e\u53f0\u6807\u9898","meta_description":"\u6d4b\u8bd5\u63cf\u8ff0","meta_keywords":"\u6d4b\u8bd5,\u5173\u952e\u8bcd","footer_text":"\u6d4b\u8bd5\u9875\u811a \u00a9 2025","contact_email":"test@example.com","contact_phone":"123-456-7890"}
